2024-02-14 20:01:44 - Level: info - Message: new bug report created - Context: {"id":68,"type":"Video Issue"}
2024-02-14 20:01:44 - Level: info - Message: bug report updated - Context: {"id":62,"type":"Video Issue"}
2024-02-14 20:02:00 - Level: info - Message: new bug report created - Context: {"id":69,"type":"Video Issue"}
2024-02-14 20:02:00 - Level: info - Message: bug report updated - Context: {"id":63,"type":"Video Issue"}
2024-02-14 20:02:01 - Level: info - Message: bug report deleted - Context: {"id":63,"type":"Video Issue"}
2024-02-14 20:02:53 - Level: info - Message: new bug report created - Context: {"id":70,"type":"Video Issue"}
2024-02-14 20:02:54 - Level: info - Message: bug report updated - Context: {"id":64,"type":"Video Issue"}
2024-02-14 20:02:54 - Level: info - Message: bug report deleted - Context: {"id":64,"type":"Video Issue"}
2024-02-14 20:03:01 - Level: info - Message: new bug report created - Context: {"id":71,"type":"Video Issue"}
2024-02-14 20:03:02 - Level: info - Message: bug report updated - Context: {"id":65,"type":"Video Issue"}
2024-02-14 20:03:02 - Level: info - Message: bug report deleted - Context: {"id":65,"type":"Video Issue"}
2024-02-14 20:05:35 - Level: info - Message: new bug report created - Context: {"id":72,"type":"Video Issue"}
2024-02-14 20:05:35 - Level: info - Message: bug report updated - Context: {"id":72,"type":"Video Issue"}
2024-02-14 20:05:35 - Level: info - Message: bug report deleted - Context: {"id":72,"type":"Video Issue"}
2024-02-14 21:29:11 - Level: info - Message: new bug report created - Context: {"id":73,"type":"Video Issue"}
2024-02-14 21:29:12 - Level: info - Message: bug report updated - Context: {"id":73,"type":"Video Issue"}
2024-02-14 21:29:12 - Level: info - Message: bug report deleted - Context: {"id":73,"type":"Video Issue"}
2024-02-14 21:29:59 - Level: info - Message: new bug report created - Context: {"id":85,"type":"Video Issue"}
2024-02-14 21:31:39 - Level: info - Message: new bug report created - Context: {"id":86,"type":"Video Issue"}
2024-02-14 21:33:51 - Level: info - Message: new bug report created - Context: {"id":87,"type":"Video Issue"}
2024-02-14 21:34:39 - Level: info - Message: new bug report created - Context: {"id":88,"type":"Video Issue"}
2024-02-14 21:48:01 - Level: info - Message: new bug report created - Context: {"id":89,"type":"Video Issue"}
2024-02-14 21:49:51 - Level: info - Message: new bug report created - Context: {"id":90,"type":"Video Issue"}
2024-02-14 21:50:25 - Level: info - Message: new bug report created - Context: {"id":91,"type":"Video Issue"}
2024-02-14 21:50:46 - Level: info - Message: new bug report created - Context: {"id":92,"type":"Video Issue"}
2024-02-14 21:51:32 - Level: info - Message: new bug report created - Context: {"id":93,"type":"Video Issue"}
2024-02-14 21:52:02 - Level: info - Message: new bug report created - Context: {"id":94,"type":"Video Issue"}
2024-02-14 21:52:02 - Level: info - Message: bug report updated - Context: {"id":85,"type":"Video Issue"}
2024-02-14 21:52:03 - Level: info - Message: bug report deleted - Context: {"id":85,"type":"Video Issue"}
2024-02-15 15:55:07 - Level: info - Message: new bug report created - Context: {"id":106,"type":"other"}
2024-02-15 15:56:49 - Level: info - Message: new bug report created - Context: {"id":107,"type":"other"}
2024-02-15 15:58:13 - Level: info - Message: new bug report created - Context: {"id":108,"type":"other"}
2024-02-15 15:58:17 - Level: info - Message: new bug report created - Context: {"id":109,"type":"other"}
2024-02-15 15:58:27 - Level: info - Message: new bug report created - Context: {"id":110,"type":"other"}
2024-02-15 15:58:31 - Level: info - Message: new bug report created - Context: {"id":111,"type":"other"}
2024-02-15 15:58:48 - Level: info - Message: new bug report created - Context: {"id":112,"type":"other"}
2024-02-15 16:03:16 - Level: info - Message: bug report updated - Context: {"id":112,"type":"other"}
2024-02-15 16:03:23 - Level: info - Message: bug report updated - Context: {"id":112,"type":"other"}
2024-02-15 16:03:26 - Level: info - Message: bug report updated - Context: {"id":112,"type":"other"}
2024-02-15 16:03:27 - Level: info - Message: bug report updated - Context: {"id":112,"type":"other"}
2024-02-15 16:05:48 - Level: info - Message: bug report updated - Context: {"id":112,"type":"other"}
2024-02-15 16:06:44 - Level: info - Message: bug report updated - Context: {"id":112,"type":"other"}
2024-02-15 16:11:43 - Level: info - Message: bug report updated - Context: {"id":112,"type":"other"}
2024-02-15 16:13:34 - Level: info - Message: bug report updated - Context: {"id":112,"type":"other"}
2024-02-15 16:14:27 - Level: info - Message: bug report updated - Context: {"id":112,"type":"other"}
2024-02-15 16:14:41 - Level: info - Message: bug report updated - Context: {"id":112,"type":"other"}
2024-02-15 16:14:46 - Level: info - Message: bug report updated - Context: {"id":112,"type":"other"}
2024-02-15 16:14:48 - Level: info - Message: bug report updated - Context: {"id":112,"type":"other"}
2024-02-15 16:16:06 - Level: info - Message: bug report updated - Context: {"id":112,"type":"other"}
2024-02-15 16:16:22 - Level: info - Message: bug report updated - Context: {"id":112,"type":"other"}
2024-02-15 16:16:42 - Level: info - Message: bug report updated - Context: {"id":112,"type":"other"}
2024-02-15 16:18:11 - Level: info - Message: bug report updated - Context: {"id":112,"type":"other"}
2024-02-15 16:18:14 - Level: info - Message: bug report updated - Context: {"id":112,"type":"other"}
2024-02-15 16:18:49 - Level: info - Message: bug report updated - Context: {"id":112,"type":"other"}
2024-02-15 16:19:56 - Level: info - Message: bug report updated - Context: {"id":112,"type":"other"}
2024-02-15 16:19:59 - Level: info - Message: bug report updated - Context: {"id":112,"type":"other"}
2024-02-15 16:20:27 - Level: info - Message: bug report updated - Context: {"id":112,"type":"other"}
2024-02-15 16:23:38 - Level: info - Message: bug report updated - Context: {"id":112,"type":"other"}
2024-02-15 16:23:41 - Level: info - Message: bug report updated - Context: {"id":112,"type":"other"}
2024-02-15 16:23:42 - Level: info - Message: bug report updated - Context: {"id":112,"type":"other"}
2024-02-15 16:23:42 - Level: info - Message: bug report updated - Context: {"id":112,"type":"other"}
2024-02-15 16:23:42 - Level: info - Message: bug report updated - Context: {"id":112,"type":"other"}
2024-02-15 16:23:42 - Level: info - Message: bug report updated - Context: {"id":112,"type":"other"}
2024-02-15 16:23:42 - Level: info - Message: bug report updated - Context: {"id":112,"type":"other"}
2024-02-15 16:23:42 - Level: info - Message: bug report updated - Context: {"id":112,"type":"other"}
2024-02-15 16:23:42 - Level: info - Message: bug report updated - Context: {"id":112,"type":"other"}
2024-02-15 16:23:43 - Level: info - Message: bug report updated - Context: {"id":112,"type":"other"}
2024-02-15 16:23:43 - Level: info - Message: bug report updated - Context: {"id":112,"type":"other"}
2024-02-15 16:23:43 - Level: info - Message: bug report updated - Context: {"id":112,"type":"other"}
2024-02-15 16:23:43 - Level: info - Message: bug report updated - Context: {"id":112,"type":"other"}
2024-02-15 16:23:43 - Level: info - Message: bug report updated - Context: {"id":112,"type":"other"}
2024-02-15 16:24:01 - Level: info - Message: bug report updated - Context: {"id":112,"type":"other"}
2024-02-15 16:24:11 - Level: info - Message: bug report updated - Context: {"id":112,"type":"other"}
2024-02-15 16:24:43 - Level: info - Message: bug report updated - Context: {"id":112,"type":"other"}
2024-02-15 16:25:11 - Level: info - Message: bug report updated - Context: {"id":112,"type":"other"}
2024-02-15 16:26:10 - Level: info - Message: bug report updated - Context: {"id":112,"type":"other"}
2024-02-15 16:26:16 - Level: critical - Message: App\Repositories\Repository::delete(): Argument #1 ($entity) must be of type App\Entities\Entity, null given, called in C:\xampp\htdocs\PHP-OOP-TDD\bug-reporter\api\delete.php on line 24 - Context: [{"reportId":"","delete":"Delete"}]
2024-02-15 16:34:12 - Level: info - Message: bug report updated - Context: {"id":112,"type":"other"}
2024-02-15 16:34:21 - Level: info - Message: bug report deleted - Context: {"id":112,"type":"other"}
2024-02-15 16:34:24 - Level: info - Message: bug report deleted - Context: {"id":111,"type":"other"}
2024-02-15 16:34:27 - Level: info - Message: bug report deleted - Context: {"id":110,"type":"other"}
2024-02-15 16:34:29 - Level: info - Message: bug report deleted - Context: {"id":109,"type":"other"}
2024-02-15 16:34:32 - Level: info - Message: bug report deleted - Context: {"id":108,"type":"other"}
2024-02-15 16:34:34 - Level: info - Message: bug report deleted - Context: {"id":107,"type":"other"}
2024-02-15 16:34:36 - Level: info - Message: bug report deleted - Context: {"id":106,"type":"other"}
2024-02-15 16:36:44 - Level: critical - Message: App\Repositories\Repository::delete(): Argument #1 ($entity) must be of type App\Entities\Entity, null given, called in C:\xampp\htdocs\PHP-OOP-TDD\bug-reporter\api\delete.php on line 24 - Context: [{"reportId":"106","delete":"Delete"}]
2024-02-15 16:36:47 - Level: critical - Message: App\Repositories\Repository::delete(): Argument #1 ($entity) must be of type App\Entities\Entity, null given, called in C:\xampp\htdocs\PHP-OOP-TDD\bug-reporter\api\delete.php on line 24 - Context: [{"reportId":"106","delete":"Delete"}]
2024-02-15 16:36:48 - Level: critical - Message: App\Repositories\Repository::delete(): Argument #1 ($entity) must be of type App\Entities\Entity, null given, called in C:\xampp\htdocs\PHP-OOP-TDD\bug-reporter\api\delete.php on line 24 - Context: [{"reportId":"106","delete":"Delete"}]
2024-02-15 16:36:51 - Level: critical - Message: App\Repositories\Repository::delete(): Argument #1 ($entity) must be of type App\Entities\Entity, null given, called in C:\xampp\htdocs\PHP-OOP-TDD\bug-reporter\api\delete.php on line 24 - Context: [{"reportId":"107","delete":"Delete"}]
2024-02-15 16:36:54 - Level: critical - Message: App\Repositories\Repository::delete(): Argument #1 ($entity) must be of type App\Entities\Entity, null given, called in C:\xampp\htdocs\PHP-OOP-TDD\bug-reporter\api\delete.php on line 24 - Context: [{"reportId":"109","delete":"Delete"}]
2024-02-15 16:37:13 - Level: info - Message: bug report deleted - Context: {"id":94,"type":"Video Issue"}
2024-02-15 16:43:24 - Level: info - Message: new bug report created - Context: {"id":113,"type":"Video Issue"}
2024-02-15 16:43:25 - Level: info - Message: bug report updated - Context: {"id":86,"type":"Video Issue"}
2024-02-15 16:43:26 - Level: info - Message: bug report deleted - Context: {"id":86,"type":"Video Issue"}
2024-02-15 16:43:47 - Level: info - Message: new bug report created - Context: {"id":125,"type":"Video Issue"}
2024-02-15 16:43:47 - Level: info - Message: bug report updated - Context: {"id":87,"type":"Video Issue"}
2024-02-15 16:43:47 - Level: info - Message: bug report deleted - Context: {"id":87,"type":"Video Issue"}
2024-02-15 16:44:57 - Level: critical - Message: App\Repositories\Repository::delete(): Argument #1 ($entity) must be of type App\Entities\Entity, null given, called in C:\xampp\htdocs\PHP-OOP-TDD\bug-reporter\api\delete.php on line 24 - Context: [{"reportId":"94","delete":"Delete"}]
2024-02-15 16:45:49 - Level: critical - Message: App\Repositories\Repository::delete(): Argument #1 ($entity) must be of type App\Entities\Entity, null given, called in C:\xampp\htdocs\PHP-OOP-TDD\bug-reporter\api\delete.php on line 24 - Context: [{"reportId":"94","delete":"Delete"}]
2024-02-15 16:45:55 - Level: critical - Message: App\Repositories\Repository::delete(): Argument #1 ($entity) must be of type App\Entities\Entity, null given, called in C:\xampp\htdocs\PHP-OOP-TDD\bug-reporter\api\delete.php on line 24 - Context: [{"reportId":"94","delete":"Delete"}]
2024-02-15 16:46:05 - Level: critical - Message: App\Repositories\Repository::delete(): Argument #1 ($entity) must be of type App\Entities\Entity, null given, called in C:\xampp\htdocs\PHP-OOP-TDD\bug-reporter\api\delete.php on line 24 - Context: [{"reportId":"94","delete":"Delete"}]
2024-02-15 16:46:06 - Level: critical - Message: App\Repositories\Repository::delete(): Argument #1 ($entity) must be of type App\Entities\Entity, null given, called in C:\xampp\htdocs\PHP-OOP-TDD\bug-reporter\api\delete.php on line 24 - Context: [{"reportId":"94","delete":"Delete"}]
2024-02-15 16:46:08 - Level: critical - Message: App\Repositories\Repository::delete(): Argument #1 ($entity) must be of type App\Entities\Entity, null given, called in C:\xampp\htdocs\PHP-OOP-TDD\bug-reporter\api\delete.php on line 24 - Context: [{"reportId":"94","delete":"Delete"}]
2024-02-15 16:46:10 - Level: critical - Message: App\Repositories\Repository::delete(): Argument #1 ($entity) must be of type App\Entities\Entity, null given, called in C:\xampp\htdocs\PHP-OOP-TDD\bug-reporter\api\delete.php on line 24 - Context: [{"reportId":"94","delete":"Delete"}]
2024-02-15 16:46:34 - Level: info - Message: bug report deleted - Context: {"id":125,"type":"Video Issue"}
2024-02-15 16:46:43 - Level: info - Message: bug report updated - Context: {"id":113,"type":"Video Issue"}
